{"name": "Тест проверяет заход на страницу", "status": "failed", "statusDetails": {"message": "AssertionError", "trace": "driver = <selenium.webdriver.chrome.webdriver.WebDriver (session=\"500f73d75251e8ba57cacf6e6c0b07e2\")>\n\n    @allure.title('Тест проверяет заход на страницу')\n    @pytest.mark.user\n    @pytest.mark.smoke(order=2)\n    def test_probe1(driver):\n        start_page = StartPage(driver)\n    \n        start_page.open_start_page()\n>       start_page.check_url()\n\ntests\\test_probe.py:20: \n_ _ _ _ _ _ _ _ _ _ _ _ _ _ _ _ _ _ _ _ _ _ _ _ _ _ _ _ _ _ _ _ _ _ _ _ _ _ _ _ _ _ _ _ _ _ _ _ _ _ _ _ _ _ _ _ _ _ _ _ _ _ _ _ _ _ _ _ _ \n\nself = <page_base.start_page.StartPage object at 0x0000022A920EF190>\n\n    def check_url(self):\n        url = self.driver.current_url\n>       assert str(url) == const_user.start_page\nE       AssertionError\n\npage_base\\start_page.py:12: AssertionError"}, "parameters": [{"name": "driver", "value": "'chrome'"}], "start": 1622973251633, "stop": 1622973255082, "uuid": "17bdea26-d1d0-49b3-9fca-aafa4fbf35b9", "historyId": "d3b8ca0e631987d4de921c83e097781f", "testCaseId": "23206eb53b8df5acfcaf115d1da722a5", "fullName": "tests.test_probe#test_probe1", "labels": [{"name": "tag", "value": "smoke(order=2)"}, {"name": "tag", "value": "user"}, {"name": "parentSuite", "value": "tests"}, {"name": "suite", "value": "test_probe"}, {"name": "host", "value": "DESKTOP-ILL4NI4"}, {"name": "thread", "value": "6676-MainThread"}, {"name": "framework", "value": "pytest"}, {"name": "language", "value": "cpython3"}, {"name": "package", "value": "tests.test_probe"}]}