{"name": "Тест проверяет заход на страницу", "status": "failed", "statusDetails": {"message": "AssertionError", "trace": "driver = <selenium.webdriver.chrome.webdriver.WebDriver (session=\"7ec699464ca9a479422d5f27f5daa639\")>\n\n    @allure.title('Тест проверяет заход на страницу')\n    @pytest.mark.user\n    @pytest.mark.smoke(order=2)\n    def test_probe1(driver):\n        start_page = StartPage(driver)\n    \n        start_page.open_start_page()\n>       start_page.check_url()\n\ntests\\test_probe.py:20: \n_ _ _ _ _ _ _ _ _ _ _ _ _ _ _ _ _ _ _ _ _ _ _ _ _ _ _ _ _ _ _ _ _ _ _ _ _ _ _ _ _ _ _ _ _ _ _ _ _ _ _ _ _ _ _ _ _ _ _ _ _ _ _ _ _ _ _ _ _ \n\nself = <page_base.start_page.StartPage object at 0x0000023A15609370>\n\n    def check_url(self):\n        url = self.driver.current_url\n>       assert str(url) == 'http://the-internet.herokuapp.cm/'\nE       AssertionError\n\npage_base\\start_page.py:12: AssertionError"}, "parameters": [{"name": "driver", "value": "'chrome'"}], "start": 1622973348104, "stop": 1622973351714, "uuid": "437a8716-59ce-467a-be18-a8877e75f9d1", "historyId": "d3b8ca0e631987d4de921c83e097781f", "testCaseId": "23206eb53b8df5acfcaf115d1da722a5", "fullName": "tests.test_probe#test_probe1", "labels": [{"name": "tag", "value": "smoke(order=2)"}, {"name": "tag", "value": "user"}, {"name": "parentSuite", "value": "tests"}, {"name": "suite", "value": "test_probe"}, {"name": "host", "value": "DESKTOP-ILL4NI4"}, {"name": "thread", "value": "12100-MainThread"}, {"name": "framework", "value": "pytest"}, {"name": "language", "value": "cpython3"}, {"name": "package", "value": "tests.test_probe"}]}